[Excel] File already exists: C:\Users\Admin\Desktop\case master\case_master_data.xlsx

  ╔═══════════════════════════════════════════════════╗
  ║   GST LITIGATION PRO — Case Master Server        ║
  ║                                                   ║
      Office URL: http://localhost:8058/CompanyLogin.aspx
      LAN URL:    http://DESKTOP-K84P7C4:8058/CompanyLogin.aspx
      LAN URL:    http://192.168.1.14:8058/CompanyLogin.aspx
      Excel:      case_master_data.xlsx
      Access:     office LAN only
  ║                                                   ║
  ║   Data is saved to Excel file automatically.      ║
  ║   You can open the Excel file to view/edit data.  ║
  ╚═══════════════════════════════════════════════════╝

[Cache] Loading Excel data into memory...
[Cache] Loaded into memory.
[Cache] Loading Excel data into memory...
[Cache] Loaded into memory.
[Cache] Loading Excel data into memory...
[Cache] Loaded into memory.
[Cache] Loading Excel data into memory...
[Cache] Loaded into memory.
[Cache] Loading Excel data into memory...
[Cache] Loaded into memory.
[Cache] Loading Excel data into memory...
[Cache] Loaded into memory.
[Cache] Loading Excel data into memory...
[Cache] Loaded into memory.
[Cache] Loading Excel data into memory...
[Cache] Loaded into memory.
[Cache] Loading Excel data into memory...
[Cache] Loaded into memory.
[Cache] Loading Excel data into memory...
[Cache] Loaded into memory.
[Cache] Loading Excel data into memory...
[Cache] Loaded into memory.
[Cache] Loading Excel data into memory...
[Cache] Loaded into memory.
[Cache] Loading Excel data into memory...
[Cache] Loaded into memory.
[Cache] Loading Excel data into memory...
[Cache] Loaded into memory.
[Cache] Loading Excel data into memory...
[Cache] Loaded into memory.
[Cache] Loading Excel data into memory...
[Cache] Loaded into memory.
[Cache] Loading Excel data into memory...
[Cache] Loaded into memory.
[Cache] Loading Excel data into memory...
[Cache] Loaded into memory.
[Cache] Loading Excel data into memory...
[Cache] Loaded into memory.
[Cache] Loading Excel data into memory...
[Cache] Loaded into memory.
[Cache] Loading Excel data into memory...
[Cache] Loaded into memory.
